<?xml version="1.0" encoding="UTF-8"?>
<testsuite name="com.moodanalysis.MoodAnalysis" tests="1" skipped="0" failures="0" errors="0" timestamp="2020-10-07T12:05:13" hostname="DESKTOP-25DPEJS" time="0.019">
  <properties/>
  <testcase name="givenMessage_WhenInvalidEmptyMood_ThrowCustomException" classname="com.moodanalysis.MoodAnalysis" time="0.019"/>
  <system-out><![CDATA[]]></system-out>
  <system-err><![CDATA[]]></system-err>
</testsuite>
