<?xml version="1.0" encoding="UTF-8"?>
<testsuite name="com.moodanalysis.MoodAnalysis" tests="3" skipped="0" failures="0" errors="0" timestamp="2020-10-07T13:21:00" hostname="DESKTOP-25DPEJS" time="0.029">
  <properties/>
  <testcase name="givenMessage_WhenSad_ShouldReturnSad" classname="com.moodanalysis.MoodAnalysis" time="0.018"/>
  <testcase name="givenMessage_WhenHappy_ShouldReturnHappy" classname="com.moodanalysis.MoodAnalysis" time="0.0"/>
  <testcase name="givenMessage_WhenNull_HandleTheException" classname="com.moodanalysis.MoodAnalysis" time="0.001"/>
  <system-out><![CDATA[]]></system-out>
  <system-err><![CDATA[]]></system-err>
</testsuite>
